<?xml version="1.0" encoding="UTF-8"?>
<testng-results ignored="0" total="2" passed="2" failed="0" skipped="0">
  <reporter-output>
  </reporter-output>
  <suite started-at="2022-02-14T02:54:50Z" name="Default suite" finished-at="2022-02-14T02:54:50Z" duration-ms="501">
    <groups>
    </groups>
    <test started-at="2022-02-14T02:54:50Z" name="Default test" finished-at="2022-02-14T02:54:50Z" duration-ms="501">
      <class name="baseclass.BaseTest">
        <test-method signature="startUP(java.lang.String, java.lang.String)[pri:0, instance:baseclass.BaseTest@71075444]" started-at="2022-02-14T02:54:50Z" name="startUP" data-provider="login" finished-at="2022-02-14T02:54:50Z" duration-ms="9" status="PASS">
          <params>
            <param index="0">
              <value is-null="true"/>
            </param>
            <param index="1">
              <value>
                <![CDATA[somun12]]>
              </value>
            </param>
          </params>
          <reporter-output>
          </reporter-output>
        </test-method> <!-- startUP -->
        <test-method signature="startUP(java.lang.String, java.lang.String)[pri:0, instance:baseclass.BaseTest@71075444]" started-at="2022-02-14T02:54:50Z" name="startUP" data-provider="login" finished-at="2022-02-14T02:54:50Z" duration-ms="3" status="PASS">
          <params>
            <param index="0">
              <value is-null="true"/>
            </param>
            <param index="1">
              <value is-null="true"/>
            </param>
          </params>
          <reporter-output>
          </reporter-output>
        </test-method> <!-- startUP -->
      </class> <!-- baseclass.BaseTest -->
    </test> <!-- Default test -->
  </suite> <!-- Default suite -->
</testng-results>
